GC Heap History (20 events):
Event: 43.416 GC heap before
{Heap before GC invocations=25 (full 0):
 garbage-first heap   total 157696K, used 122192K [0x0000000080000000, 0x0000000100000000)
  region size 1024K, 31 young (31744K), 3 survivors (3072K)
 Metaspace       used 71291K, committed 73024K, reserved 1114112K
  class space    used 9883K, committed 10688K, reserved 1048576K
}
Event: 43.422 GC heap after
{Heap after GC invocations=26 (full 0):
 garbage-first heap   total 157696K, used 94886K [0x0000000080000000, 0x0000000100000000)
  region size 1024K, 2 young (2048K), 2 survivors (2048K)
 Metaspace       used 71291K, committed 73024K, reserved 1114112K
  class space    used 9883K, committed 10688K, reserved 1048576K
}
Event: 44.346 GC heap before
{Heap before GC invocations=26 (full 0):
 garbage-first heap   total 157696K, used 150182K [0x0000000080000000, 0x0000000100000000)
  region size 1024K, 50 young (51200K), 2 survivors (2048K)
 Metaspace       used 75232K, committed 76992K, reserved 1179648K
  class space    used 10390K, committed 11200K, reserved 1048576K
}
Event: 44.356 GC heap after
{Heap after GC invocations=27 (full 0):
 garbage-first heap   total 158720K, used 98680K [0x0000000080000000, 0x0000000100000000)
  region size 1024K, 7 young (7168K), 7 survivors (7168K)
 Metaspace       used 75232K, committed 76992K, reserved 1179648K
  class space    used 10390K, committed 11200K, reserved 1048576K
}
Event: 45.206 GC heap before
{Heap before GC invocations=27 (full 0):
 garbage-first heap   total 158720K, used 135544K [0x0000000080000000, 0x0000000100000000)
  region size 1024K, 44 young (45056K), 7 survivors (7168K)
 Metaspace       used 79378K, committed 81152K, reserved 1179648K
  class space    used 10942K, committed 11776K, reserved 1048576K
}
Event: 45.216 GC heap after
{Heap after GC invocations=28 (full 0):
 garbage-first heap   total 158720K, used 101206K [0x0000000080000000, 0x0000000100000000)
  region size 1024K, 3 young (3072K), 3 survivors (3072K)
 Metaspace       used 79378K, committed 81152K, reserved 1179648K
  class space    used 10942K, committed 11776K, reserved 1048576K
}
Event: 46.232 GC heap before
{Heap before GC invocations=29 (full 0):
 garbage-first heap   total 178176K, used 149334K [0x0000000080000000, 0x0000000100000000)
  region size 1024K, 46 young (47104K), 3 survivors (3072K)
 Metaspace       used 84359K, committed 86144K, reserved 1179648K
  class space    used 11645K, committed 12480K, reserved 1048576K
}
Event: 46.237 GC heap after
{Heap after GC invocations=30 (full 0):
 garbage-first heap   total 178176K, used 107529K [0x0000000080000000, 0x0000000100000000)
  region size 1024K, 5 young (5120K), 5 survivors (5120K)
 Metaspace       used 84359K, committed 86144K, reserved 1179648K
  class space    used 11645K, committed 12480K, reserved 1048576K
}
Event: 47.213 GC heap before
{Heap before GC invocations=30 (full 0):
 garbage-first heap   total 178176K, used 160777K [0x0000000080000000, 0x0000000100000000)
  region size 1024K, 57 young (58368K), 5 survivors (5120K)
 Metaspace       used 86555K, committed 88384K, reserved 1179648K
  class space    used 11947K, committed 12800K, reserved 1048576K
}
Event: 47.224 GC heap after
{Heap after GC invocations=31 (full 0):
 garbage-first heap   total 178176K, used 110811K [0x0000000080000000, 0x0000000100000000)
  region size 1024K, 8 young (8192K), 8 survivors (8192K)
 Metaspace       used 86555K, committed 88384K, reserved 1179648K
  class space    used 11947K, committed 12800K, reserved 1048576K
}
Event: 47.830 GC heap before
{Heap before GC invocations=31 (full 0):
 garbage-first heap   total 178176K, used 152795K [0x0000000080000000, 0x0000000100000000)
  region size 1024K, 50 young (51200K), 8 survivors (8192K)
 Metaspace       used 88823K, committed 90624K, reserved 1179648K
  class space    used 12276K, committed 13120K, reserved 1048576K
}
Event: 47.840 GC heap after
{Heap after GC invocations=32 (full 0):
 garbage-first heap   total 178176K, used 113850K [0x0000000080000000, 0x0000000100000000)
  region size 1024K, 7 young (7168K), 7 survivors (7168K)
 Metaspace       used 88823K, committed 90624K, reserved 1179648K
  class space    used 12276K, committed 13120K, reserved 1048576K
}
Event: 50.634 GC heap before
{Heap before GC invocations=33 (full 0):
 garbage-first heap   total 193536K, used 165050K [0x0000000080000000, 0x0000000100000000)
  region size 1024K, 56 young (57344K), 7 survivors (7168K)
 Metaspace       used 92732K, committed 94592K, reserved 1179648K
  class space    used 13008K, committed 13888K, reserved 1048576K
}
Event: 50.647 GC heap after
{Heap after GC invocations=34 (full 0):
 garbage-first heap   total 193536K, used 115228K [0x0000000080000000, 0x0000000100000000)
  region size 1024K, 5 young (5120K), 5 survivors (5120K)
 Metaspace       used 92732K, committed 94592K, reserved 1179648K
  class space    used 13008K, committed 13888K, reserved 1048576K
}
Event: 53.140 GC heap before
{Heap before GC invocations=34 (full 0):
 garbage-first heap   total 193536K, used 178716K [0x0000000080000000, 0x0000000100000000)
  region size 1024K, 65 young (66560K), 5 survivors (5120K)
 Metaspace       used 97456K, committed 99328K, reserved 1179648K
  class space    used 13700K, committed 14592K, reserved 1048576K
}
Event: 53.155 GC heap after
{Heap after GC invocations=35 (full 0):
 garbage-first heap   total 193536K, used 120622K [0x0000000080000000, 0x0000000100000000)
  region size 1024K, 8 young (8192K), 8 survivors (8192K)
 Metaspace       used 97456K, committed 99328K, reserved 1179648K
  class space    used 13700K, committed 14592K, reserved 1048576K
}
Event: 56.559 GC heap before
{Heap before GC invocations=35 (full 0):
 garbage-first heap   total 193536K, used 181038K [0x0000000080000000, 0x0000000100000000)
  region size 1024K, 66 young (67584K), 8 survivors (8192K)
 Metaspace       used 106370K, committed 108352K, reserved 1179648K
  class space    used 14888K, committed 15872K, reserved 1048576K
}
Event: 56.574 GC heap after
{Heap after GC invocations=36 (full 0):
 garbage-first heap   total 194560K, used 122881K [0x0000000080000000, 0x0000000100000000)
  region size 1024K, 6 young (6144K), 6 survivors (6144K)
 Metaspace       used 106370K, committed 108352K, reserved 1179648K
  class space    used 14888K, committed 15872K, reserved 1048576K
}
Event: 116.424 GC heap before
{Heap before GC invocations=36 (full 0):
 garbage-first heap   total 194560K, used 182273K [0x0000000080000000, 0x0000000100000000)
  region size 1024K, 64 young (65536K), 6 survivors (6144K)
 Metaspace       used 112544K, committed 114560K, reserved 1179648K
  class space    used 15792K, committed 16768K, reserved 1048576K
}
Event: 116.441 GC heap after
{Heap after GC invocations=37 (full 0):
 garbage-first heap   total 194560K, used 125587K [0x0000000080000000, 0x0000000100000000)
  region size 1024K, 6 young (6144K), 6 survivors (6144K)
 Metaspace       used 112544K, committed 114560K, reserved 1179648K
  class space    used 15792K, committed 16768K, reserved 1048576K
}

